<?xml version="1.0" encoding="UTF-8"?>
<!-- Generated by org.testng.reporters.JUnitXMLReporter -->
<testsuite ignored="0" hostname="LAPTOP-PIV5FN12" failures="0" tests="3" name="Surefire test" time="138.796" errors="0" timestamp="2020-06-11T22:25:50 IST">
  <testcase classname="cts.automation.courseraWebAutomation.execute.TestCases" name="coursesSearched" time="62.789"/>
  <testcase classname="cts.automation.courseraWebAutomation.execute.TestCases" name="totalCourses" time="26.205"/>
  <testcase classname="cts.automation.courseraWebAutomation.execute.TestCases" name="errorMessage" time="40.09"/>
</testsuite> <!-- Surefire test -->
