<?xml version="1.0" encoding="UTF-8"?>
<!-- Generated by org.testng.reporters.JUnitXMLReporter -->
<testsuite ignored="0" hostname="LAPTOP-PIV5FN12" failures="0" tests="3" name="Surefire test" time="135.447" errors="0" timestamp="2020-06-13T23:38:26 IST">
  <testcase classname="cts.automation.courseraWebAutomation.execute.TestCases" name="coursesSearched" time="59.886"/>
  <testcase classname="cts.automation.courseraWebAutomation.execute.TestCases" name="totalCourses" time="26.821"/>
  <testcase classname="cts.automation.courseraWebAutomation.execute.TestCases" name="errorMessage" time="44.689"/>
</testsuite> <!-- Surefire test -->
