<?xml version="1.0" encoding="UTF-8"?>
<!-- Generated by org.testng.reporters.JUnitXMLReporter -->
<testsuite ignored="0" hostname="LAPTOP-PIV5FN12" failures="0" tests="3" name="Test For Chrome" time="144.306" errors="0" timestamp="2020-06-20T11:38:44 IST">
  <testcase classname="cts.automation.courseraWebAutomation.execute.TestCases" name="coursesSearched" time="71.858"/>
  <testcase classname="cts.automation.courseraWebAutomation.execute.TestCases" name="totalCourses" time="24.923"/>
  <testcase classname="cts.automation.courseraWebAutomation.execute.TestCases" name="errorMessage" time="41.099"/>
</testsuite> <!-- Test For Chrome -->
