<?xml version="1.0" encoding="UTF-8"?>
<!-- Generated by org.testng.reporters.JUnitXMLReporter -->
<testsuite ignored="0" hostname="LAPTOP-PIV5FN12" failures="0" tests="3" name="Test For Chrome" time="149.043" errors="0" timestamp="2020-06-16T12:27:57 IST">
  <testcase classname="cts.automation.courseraWebAutomation.execute.TestCases" name="coursesSearched" time="72.349"/>
  <testcase classname="cts.automation.courseraWebAutomation.execute.TestCases" name="totalCourses" time="25.906"/>
  <testcase classname="cts.automation.courseraWebAutomation.execute.TestCases" name="errorMessage" time="42.907"/>
</testsuite> <!-- Test For Chrome -->
