<?xml version="1.0" encoding="UTF-8"?>
<!-- Generated by org.testng.reporters.JUnitXMLReporter -->
<testsuite ignored="0" hostname="LAPTOP-PIV5FN12" failures="0" tests="3" name="Test For Firefox" time="165.608" errors="0" timestamp="2020-06-15T23:25:13 IST">
  <testcase classname="cts.automation.courseraWebAutomation.execute.TestCases" name="coursesSearched" time="72.178"/>
  <testcase classname="cts.automation.courseraWebAutomation.execute.TestCases" name="totalCourses" time="28.502"/>
  <testcase classname="cts.automation.courseraWebAutomation.execute.TestCases" name="errorMessage" time="47.162"/>
</testsuite> <!-- Test For Firefox -->
