<?xml version="1.0" encoding="UTF-8"?>
<testng-results ignored="0" total="3" passed="3" failed="0" skipped="0">
  <reporter-output>
  </reporter-output>
  <suite started-at="2020-06-12T21:44:02 IST" name="Surefire suite" finished-at="2020-06-12T21:46:25 IST" duration-ms="142778">
    <groups>
    </groups>
    <test started-at="2020-06-12T21:44:02 IST" name="Surefire test" finished-at="2020-06-12T21:46:25 IST" duration-ms="142778">
      <class name="cts.automation.courseraWebAutomation.execute.TestCases">
        <test-method is-config="true" signature="beforeClass(java.lang.String)[pri:0, instance:cts.automation.courseraWebAutomation.execute.TestCases@28ac3dc3]" started-at="2020-06-12T21:44:02 IST" name="beforeClass" finished-at="2020-06-12T21:44:15 IST" duration-ms="13110" status="PASS">
          <params>
            <param index="0">
              <value>
                <![CDATA[chrome]]>
              </value>
            </param>
          </params>
          <reporter-output>
          </reporter-output>
        </test-method> <!-- beforeClass -->
        <test-method signature="coursesSearched()[pri:0, instance:cts.automation.courseraWebAutomation.execute.TestCases@28ac3dc3]" started-at="2020-06-12T21:44:15 IST" name="coursesSearched" finished-at="2020-06-12T21:45:17 IST" duration-ms="61898" status="PASS">
          <reporter-output>
          </reporter-output>
        </test-method> <!-- coursesSearched -->
        <test-method signature="totalCourses()[pri:1, instance:cts.automation.courseraWebAutomation.execute.TestCases@28ac3dc3]" started-at="2020-06-12T21:45:17 IST" name="totalCourses" finished-at="2020-06-12T21:45:43 IST" duration-ms="26136" status="PASS">
          <reporter-output>
          </reporter-output>
        </test-method> <!-- totalCourses -->
        <test-method signature="errorMessage()[pri:2, instance:cts.automation.courseraWebAutomation.execute.TestCases@28ac3dc3]" started-at="2020-06-12T21:45:43 IST" name="errorMessage" finished-at="2020-06-12T21:46:25 IST" duration-ms="41545" status="PASS">
          <reporter-output>
          </reporter-output>
        </test-method> <!-- errorMessage -->
        <test-method is-config="true" signature="afterClass()[pri:0, instance:cts.automation.courseraWebAutomation.execute.TestCases@28ac3dc3]" started-at="2020-06-12T21:46:25 IST" name="afterClass" finished-at="2020-06-12T21:46:25 IST" duration-ms="63" status="PASS">
          <reporter-output>
          </reporter-output>
        </test-method> <!-- afterClass -->
      </class> <!-- cts.automation.courseraWebAutomation.execute.TestCases -->
    </test> <!-- Surefire test -->
  </suite> <!-- Surefire suite -->
</testng-results>
