<?xml version="1.0" encoding="UTF-8"?>
<testsuite xmlns:xsi="http://www.w3.org/2001/XMLSchema-instance" xsi:schemaLocation="https://maven.apache.org/surefire/maven-surefire-plugin/xsd/surefire-test-report.xsd" name="cts.automation.courseraWebAutomation.execute.TestCases" time="137.036" tests="3" errors="0" skipped="0" failures="0">
  <properties>
[...]
</properties>
  <testcase name="coursesSearched" classname="cts.automation.courseraWebAutomation.execute.TestCases" time="59.889"/>
  <testcase name="totalCourses" classname="cts.automation.courseraWebAutomation.execute.TestCases" time="26.822"/>
  <testcase name="errorMessage" classname="cts.automation.courseraWebAutomation.execute.TestCases" time="44.689"/>
</testsuite>