<?xml version="1.0" encoding="UTF-8"?>
<testng-results ignored="0" total="3" passed="3" failed="0" skipped="0">
  <reporter-output>
  </reporter-output>
  <suite started-at="2020-06-13T23:36:09 IST" name="Surefire suite" finished-at="2020-06-13T23:38:25 IST" duration-ms="135447">
    <groups>
    </groups>
    <test started-at="2020-06-13T23:36:09 IST" name="Surefire test" finished-at="2020-06-13T23:38:25 IST" duration-ms="135447">
      <class name="cts.automation.courseraWebAutomation.execute.TestCases">
        <test-method is-config="true" signature="beforeClass(java.lang.String)[pri:0, instance:cts.automation.courseraWebAutomation.execute.TestCases@28ac3dc3]" started-at="2020-06-13T23:36:09 IST" name="beforeClass" finished-at="2020-06-13T23:36:12 IST" duration-ms="2581" status="PASS">
          <params>
            <param index="0">
              <value>
                <![CDATA[chrome]]>
              </value>
            </param>
          </params>
          <reporter-output>
          </reporter-output>
        </test-method> <!-- beforeClass -->
        <test-method signature="coursesSearched()[pri:0, instance:cts.automation.courseraWebAutomation.execute.TestCases@28ac3dc3]" started-at="2020-06-13T23:36:12 IST" name="coursesSearched" finished-at="2020-06-13T23:37:12 IST" duration-ms="59886" status="PASS">
          <reporter-output>
          </reporter-output>
        </test-method> <!-- coursesSearched -->
        <test-method signature="totalCourses()[pri:1, instance:cts.automation.courseraWebAutomation.execute.TestCases@28ac3dc3]" started-at="2020-06-13T23:37:12 IST" name="totalCourses" finished-at="2020-06-13T23:37:39 IST" duration-ms="26821" status="PASS">
          <reporter-output>
          </reporter-output>
        </test-method> <!-- totalCourses -->
        <test-method signature="errorMessage()[pri:2, instance:cts.automation.courseraWebAutomation.execute.TestCases@28ac3dc3]" started-at="2020-06-13T23:37:39 IST" name="errorMessage" finished-at="2020-06-13T23:38:23 IST" duration-ms="44689" status="PASS">
          <reporter-output>
          </reporter-output>
        </test-method> <!-- errorMessage -->
        <test-method is-config="true" signature="afterClass()[pri:0, instance:cts.automation.courseraWebAutomation.execute.TestCases@28ac3dc3]" started-at="2020-06-13T23:38:23 IST" name="afterClass" finished-at="2020-06-13T23:38:25 IST" duration-ms="1443" status="PASS">
          <reporter-output>
          </reporter-output>
        </test-method> <!-- afterClass -->
      </class> <!-- cts.automation.courseraWebAutomation.execute.TestCases -->
    </test> <!-- Surefire test -->
  </suite> <!-- Surefire suite -->
</testng-results>
